2025-03-19 07:02:33,413 - data_pipeline - INFO - Loaded configuration from config/pipeline_config.json
2025-03-19 07:02:33,414 - data_pipeline - INFO - Starting data processing pipeline
2025-03-19 07:02:33,414 - data_pipeline - INFO - Starting step: Data Generation
2025-03-19 07:02:33,418 - data_generator - INFO - Generating 10 files with 1000 records each
2025-03-19 07:02:33,458 - data_generator - INFO - Generated data/raw\transactions_001.json with 1000 records
2025-03-19 07:02:33,500 - data_generator - INFO - Generated data/raw\transactions_002.json with 1000 records
2025-03-19 07:02:33,537 - data_generator - INFO - Generated data/raw\transactions_003.json with 1000 records
2025-03-19 07:02:33,575 - data_generator - INFO - Generated data/raw\transactions_004.json with 1000 records
2025-03-19 07:02:33,612 - data_generator - INFO - Generated data/raw\transactions_005.json with 1000 records
2025-03-19 07:02:33,649 - data_generator - INFO - Generated data/raw\transactions_006.json with 1000 records
2025-03-19 07:02:33,686 - data_generator - INFO - Generated data/raw\transactions_007.json with 1000 records
2025-03-19 07:02:33,722 - data_generator - INFO - Generated data/raw\transactions_008.json with 1000 records
2025-03-19 07:02:33,761 - data_generator - INFO - Generated data/raw\transactions_009.json with 1000 records
2025-03-19 07:02:33,800 - data_generator - INFO - Generated data/raw\transactions_010.json with 1000 records
2025-03-19 07:02:33,801 - data_generator - INFO - Data generation completed: 10 files created with 1000 records each
2025-03-19 07:02:33,802 - data_pipeline - INFO - Completed step: Data Generation in 0.39 seconds
2025-03-19 07:02:33,803 - data_pipeline - INFO - Starting step: JSON to CSV Conversion
2025-03-19 07:02:33,803 - data_pipeline - ERROR - Error in step JSON to CSV Conversion: No module named 'json_to_csv_converter'
2025-03-19 07:02:33,804 - data_pipeline - ERROR - Pipeline failed at JSON to CSV conversion step
2025-03-19 07:02:33,804 - data_pipeline - ERROR - Pipeline execution failed
