2025-03-19 07:20:24,714 - data_pipeline - ERROR - Error loading configuration: [Errno 22] Invalid argument: 'D:\\python_projects\x0benv\\python_projects\\config\\pipeline_config.json'
2025-03-19 07:20:24,714 - data_pipeline - INFO - Using default configuration: {'num_files': 10, 'records_per_file': 1000, 'raw_data_dir': 'data/raw', 'processed_data_dir': 'data/processed', 'curated_data_dir': 'data/curated'}
2025-03-19 07:20:24,714 - data_pipeline - INFO - Starting data processing pipeline
2025-03-19 07:20:24,714 - data_pipeline - INFO - Starting step: Data Generation
2025-03-19 07:20:24,717 - data_generator - INFO - Generating 10 files with 1000 records each
2025-03-19 07:20:24,754 - data_generator - INFO - Generated data/raw\transactions_001.json with 1000 records
2025-03-19 07:20:24,792 - data_generator - INFO - Generated data/raw\transactions_002.json with 1000 records
2025-03-19 07:20:24,828 - data_generator - INFO - Generated data/raw\transactions_003.json with 1000 records
2025-03-19 07:20:24,864 - data_generator - INFO - Generated data/raw\transactions_004.json with 1000 records
2025-03-19 07:20:24,901 - data_generator - INFO - Generated data/raw\transactions_005.json with 1000 records
2025-03-19 07:20:24,939 - data_generator - INFO - Generated data/raw\transactions_006.json with 1000 records
2025-03-19 07:20:24,975 - data_generator - INFO - Generated data/raw\transactions_007.json with 1000 records
2025-03-19 07:20:25,016 - data_generator - INFO - Generated data/raw\transactions_008.json with 1000 records
2025-03-19 07:20:25,054 - data_generator - INFO - Generated data/raw\transactions_009.json with 1000 records
2025-03-19 07:20:25,090 - data_generator - INFO - Generated data/raw\transactions_010.json with 1000 records
2025-03-19 07:20:25,090 - data_generator - INFO - Data generation completed: 10 files created with 1000 records each
2025-03-19 07:20:25,090 - data_pipeline - INFO - Completed step: Data Generation in 0.38 seconds
2025-03-19 07:20:25,091 - data_pipeline - INFO - Starting step: JSON to CSV Conversion
2025-03-19 07:20:25,091 - data_pipeline - ERROR - Error in step JSON to CSV Conversion: No module named 'scripts.json_to_csv_converter'
2025-03-19 07:20:25,092 - data_pipeline - ERROR - Pipeline failed at JSON to CSV conversion step
2025-03-19 07:20:25,092 - data_pipeline - ERROR - Pipeline execution failed
