2025-03-19 07:07:01,529 - data_pipeline - ERROR - Error loading configuration: [Errno 22] Invalid argument: 'D:\\python_projects\x0benv\\python_projects\\config\\pipeline_config.json'
2025-03-19 07:07:01,530 - data_pipeline - INFO - Using default configuration: {'num_files': 10, 'records_per_file': 1000, 'raw_data_dir': 'data/raw', 'processed_data_dir': 'data/processed', 'curated_data_dir': 'data/curated'}
2025-03-19 07:07:01,530 - data_pipeline - INFO - Starting data processing pipeline
2025-03-19 07:07:01,530 - data_pipeline - INFO - Starting step: Data Generation
2025-03-19 07:07:01,532 - data_generator - INFO - Generating 10 files with 1000 records each
2025-03-19 07:07:01,568 - data_generator - INFO - Generated data/raw\transactions_001.json with 1000 records
2025-03-19 07:07:01,605 - data_generator - INFO - Generated data/raw\transactions_002.json with 1000 records
2025-03-19 07:07:01,641 - data_generator - INFO - Generated data/raw\transactions_003.json with 1000 records
2025-03-19 07:07:01,676 - data_generator - INFO - Generated data/raw\transactions_004.json with 1000 records
2025-03-19 07:07:01,712 - data_generator - INFO - Generated data/raw\transactions_005.json with 1000 records
2025-03-19 07:07:01,750 - data_generator - INFO - Generated data/raw\transactions_006.json with 1000 records
2025-03-19 07:07:01,786 - data_generator - INFO - Generated data/raw\transactions_007.json with 1000 records
2025-03-19 07:07:01,823 - data_generator - INFO - Generated data/raw\transactions_008.json with 1000 records
2025-03-19 07:07:01,859 - data_generator - INFO - Generated data/raw\transactions_009.json with 1000 records
2025-03-19 07:07:01,895 - data_generator - INFO - Generated data/raw\transactions_010.json with 1000 records
2025-03-19 07:07:01,895 - data_generator - INFO - Data generation completed: 10 files created with 1000 records each
2025-03-19 07:07:01,896 - data_pipeline - INFO - Completed step: Data Generation in 0.37 seconds
2025-03-19 07:07:01,896 - data_pipeline - INFO - Starting step: JSON to CSV Conversion
2025-03-19 07:07:01,897 - data_pipeline - ERROR - Error in step JSON to CSV Conversion: No module named 'json_to_csv_converter'
2025-03-19 07:07:01,897 - data_pipeline - ERROR - Pipeline failed at JSON to CSV conversion step
2025-03-19 07:07:01,897 - data_pipeline - ERROR - Pipeline execution failed
